D:\WORKSPACE\EXERCICE 1\_MINECRAFT\BASE\DEBUG\LOG.OBJ
D:\WORKSPACE\EXERCICE 1\_MINECRAFT\BASE\DEBUG\RENDERER.OBJ
D:\WORKSPACE\EXERCICE 1\_MINECRAFT\BASE\DEBUG\CHUNK.OBJ
D:\WORKSPACE\EXERCICE 1\_MINECRAFT\BASE\DEBUG\MAIN.OBJ
D:\WORKSPACE\EXERCICE 1\_MINECRAFT\BASE\DEBUG\TEX_MANAGER.OBJ
D:\WORKSPACE\EXERCICE 1\_MINECRAFT\BASE\DEBUG\VC110.PDB
D:\WORKSPACE\EXERCICE 1\_MINECRAFT\BASE\DEBUG\NY_UTILS.OBJ
D:\WORKSPACE\EXERCICE 1\_MINECRAFT\DEBUG\BASE.ILK
D:\WORKSPACE\EXERCICE 1\_MINECRAFT\DEBUG\BASE.EXE
D:\WORKSPACE\EXERCICE 1\_MINECRAFT\DEBUG\BASE.PDB
D:\WorkSpace\Exercice 1\_minecraft\base\Debug\chunk.obj
D:\WorkSpace\Exercice 1\_minecraft\base\Debug\log.obj
D:\WorkSpace\Exercice 1\_minecraft\base\Debug\main.obj
D:\WorkSpace\Exercice 1\_minecraft\base\Debug\ny_utils.obj
D:\WorkSpace\Exercice 1\_minecraft\base\Debug\renderer.obj
D:\WorkSpace\Exercice 1\_minecraft\base\Debug\tex_manager.obj
D:\WorkSpace\Exercice 1\_minecraft\base\Debug\cl.command.1.tlog
D:\WorkSpace\Exercice 1\_minecraft\base\Debug\CL.read.1.tlog
D:\WorkSpace\Exercice 1\_minecraft\base\Debug\CL.write.1.tlog
D:\WorkSpace\Exercice 1\_minecraft\base\Debug\link-cvtres.read.1.tlog
D:\WorkSpace\Exercice 1\_minecraft\base\Debug\link-cvtres.write.1.tlog
D:\WorkSpace\Exercice 1\_minecraft\base\Debug\link-rc.read.1.tlog
D:\WorkSpace\Exercice 1\_minecraft\base\Debug\link-rc.write.1.tlog
D:\WorkSpace\Exercice 1\_minecraft\base\Debug\link.1612-cvtres.read.1.tlog
D:\WorkSpace\Exercice 1\_minecraft\base\Debug\link.1612-cvtres.write.1.tlog
D:\WorkSpace\Exercice 1\_minecraft\base\Debug\link.1612-rc.read.1.tlog
D:\WorkSpace\Exercice 1\_minecraft\base\Debug\link.1612-rc.write.1.tlog
D:\WorkSpace\Exercice 1\_minecraft\base\Debug\link.1612.read.1.tlog
D:\WorkSpace\Exercice 1\_minecraft\base\Debug\link.1612.write.1.tlog
D:\WorkSpace\Exercice 1\_minecraft\base\Debug\link.2288-cvtres.read.1.tlog
D:\WorkSpace\Exercice 1\_minecraft\base\Debug\link.2288-cvtres.write.1.tlog
D:\WorkSpace\Exercice 1\_minecraft\base\Debug\link.2288-rc.read.1.tlog
D:\WorkSpace\Exercice 1\_minecraft\base\Debug\link.2288-rc.write.1.tlog
D:\WorkSpace\Exercice 1\_minecraft\base\Debug\link.2288.read.1.tlog
D:\WorkSpace\Exercice 1\_minecraft\base\Debug\link.2288.write.1.tlog
D:\WorkSpace\Exercice 1\_minecraft\base\Debug\link.2792-cvtres.read.1.tlog
D:\WorkSpace\Exercice 1\_minecraft\base\Debug\link.2792-cvtres.write.1.tlog
D:\WorkSpace\Exercice 1\_minecraft\base\Debug\link.2792-rc.read.1.tlog
D:\WorkSpace\Exercice 1\_minecraft\base\Debug\link.2792-rc.write.1.tlog
D:\WorkSpace\Exercice 1\_minecraft\base\Debug\link.2792.read.1.tlog
D:\WorkSpace\Exercice 1\_minecraft\base\Debug\link.2792.write.1.tlog
D:\WorkSpace\Exercice 1\_minecraft\base\Debug\link.3528-cvtres.read.1.tlog
D:\WorkSpace\Exercice 1\_minecraft\base\Debug\link.3528-cvtres.write.1.tlog
D:\WorkSpace\Exercice 1\_minecraft\base\Debug\link.3528-rc.read.1.tlog
D:\WorkSpace\Exercice 1\_minecraft\base\Debug\link.3528-rc.write.1.tlog
D:\WorkSpace\Exercice 1\_minecraft\base\Debug\link.3528.read.1.tlog
D:\WorkSpace\Exercice 1\_minecraft\base\Debug\link.3528.write.1.tlog
D:\WorkSpace\Exercice 1\_minecraft\base\Debug\link.3908-cvtres.read.1.tlog
D:\WorkSpace\Exercice 1\_minecraft\base\Debug\link.3908-cvtres.write.1.tlog
D:\WorkSpace\Exercice 1\_minecraft\base\Debug\link.3908-rc.read.1.tlog
D:\WorkSpace\Exercice 1\_minecraft\base\Debug\link.3908-rc.write.1.tlog
D:\WorkSpace\Exercice 1\_minecraft\base\Debug\link.3908.read.1.tlog
D:\WorkSpace\Exercice 1\_minecraft\base\Debug\link.3908.write.1.tlog
D:\WorkSpace\Exercice 1\_minecraft\base\Debug\link.4496-cvtres.read.1.tlog
D:\WorkSpace\Exercice 1\_minecraft\base\Debug\link.4496-cvtres.write.1.tlog
D:\WorkSpace\Exercice 1\_minecraft\base\Debug\link.4496-rc.read.1.tlog
D:\WorkSpace\Exercice 1\_minecraft\base\Debug\link.4496-rc.write.1.tlog
D:\WorkSpace\Exercice 1\_minecraft\base\Debug\link.4496.read.1.tlog
D:\WorkSpace\Exercice 1\_minecraft\base\Debug\link.4496.write.1.tlog
D:\WorkSpace\Exercice 1\_minecraft\base\Debug\link.4752-cvtres.read.1.tlog
D:\WorkSpace\Exercice 1\_minecraft\base\Debug\link.4752-cvtres.write.1.tlog
D:\WorkSpace\Exercice 1\_minecraft\base\Debug\link.4752-rc.read.1.tlog
D:\WorkSpace\Exercice 1\_minecraft\base\Debug\link.4752-rc.write.1.tlog
D:\WorkSpace\Exercice 1\_minecraft\base\Debug\link.4752.read.1.tlog
D:\WorkSpace\Exercice 1\_minecraft\base\Debug\link.4752.write.1.tlog
D:\WorkSpace\Exercice 1\_minecraft\base\Debug\link.5096-cvtres.read.1.tlog
D:\WorkSpace\Exercice 1\_minecraft\base\Debug\link.5096-cvtres.write.1.tlog
D:\WorkSpace\Exercice 1\_minecraft\base\Debug\link.5096-rc.read.1.tlog
D:\WorkSpace\Exercice 1\_minecraft\base\Debug\link.5096-rc.write.1.tlog
D:\WorkSpace\Exercice 1\_minecraft\base\Debug\link.5096.read.1.tlog
D:\WorkSpace\Exercice 1\_minecraft\base\Debug\link.5096.write.1.tlog
D:\WorkSpace\Exercice 1\_minecraft\base\Debug\link.5684-cvtres.read.1.tlog
D:\WorkSpace\Exercice 1\_minecraft\base\Debug\link.5684-cvtres.write.1.tlog
D:\WorkSpace\Exercice 1\_minecraft\base\Debug\link.5684-rc.read.1.tlog
D:\WorkSpace\Exercice 1\_minecraft\base\Debug\link.5684-rc.write.1.tlog
D:\WorkSpace\Exercice 1\_minecraft\base\Debug\link.5684.read.1.tlog
D:\WorkSpace\Exercice 1\_minecraft\base\Debug\link.5684.write.1.tlog
D:\WorkSpace\Exercice 1\_minecraft\base\Debug\link.5712-cvtres.read.1.tlog
D:\WorkSpace\Exercice 1\_minecraft\base\Debug\link.5712-cvtres.write.1.tlog
D:\WorkSpace\Exercice 1\_minecraft\base\Debug\link.5712-rc.read.1.tlog
D:\WorkSpace\Exercice 1\_minecraft\base\Debug\link.5712-rc.write.1.tlog
D:\WorkSpace\Exercice 1\_minecraft\base\Debug\link.5712.read.1.tlog
D:\WorkSpace\Exercice 1\_minecraft\base\Debug\link.5712.write.1.tlog
D:\WorkSpace\Exercice 1\_minecraft\base\Debug\link.5728-cvtres.read.1.tlog
D:\WorkSpace\Exercice 1\_minecraft\base\Debug\link.5728-cvtres.write.1.tlog
D:\WorkSpace\Exercice 1\_minecraft\base\Debug\link.5728-rc.read.1.tlog
D:\WorkSpace\Exercice 1\_minecraft\base\Debug\link.5728-rc.write.1.tlog
D:\WorkSpace\Exercice 1\_minecraft\base\Debug\link.5728.read.1.tlog
D:\WorkSpace\Exercice 1\_minecraft\base\Debug\link.5728.write.1.tlog
D:\WorkSpace\Exercice 1\_minecraft\base\Debug\link.5772-cvtres.read.1.tlog
D:\WorkSpace\Exercice 1\_minecraft\base\Debug\link.5772-cvtres.write.1.tlog
D:\WorkSpace\Exercice 1\_minecraft\base\Debug\link.5772-rc.read.1.tlog
D:\WorkSpace\Exercice 1\_minecraft\base\Debug\link.5772-rc.write.1.tlog
D:\WorkSpace\Exercice 1\_minecraft\base\Debug\link.5772.read.1.tlog
D:\WorkSpace\Exercice 1\_minecraft\base\Debug\link.5772.write.1.tlog
D:\WorkSpace\Exercice 1\_minecraft\base\Debug\link.6040-cvtres.read.1.tlog
D:\WorkSpace\Exercice 1\_minecraft\base\Debug\link.6040-cvtres.write.1.tlog
D:\WorkSpace\Exercice 1\_minecraft\base\Debug\link.6040-rc.read.1.tlog
D:\WorkSpace\Exercice 1\_minecraft\base\Debug\link.6040-rc.write.1.tlog
D:\WorkSpace\Exercice 1\_minecraft\base\Debug\link.6040.read.1.tlog
D:\WorkSpace\Exercice 1\_minecraft\base\Debug\link.6040.write.1.tlog
D:\WorkSpace\Exercice 1\_minecraft\base\Debug\link.680-cvtres.read.1.tlog
D:\WorkSpace\Exercice 1\_minecraft\base\Debug\link.680-cvtres.write.1.tlog
D:\WorkSpace\Exercice 1\_minecraft\base\Debug\link.680-rc.read.1.tlog
D:\WorkSpace\Exercice 1\_minecraft\base\Debug\link.680-rc.write.1.tlog
D:\WorkSpace\Exercice 1\_minecraft\base\Debug\link.680.read.1.tlog
D:\WorkSpace\Exercice 1\_minecraft\base\Debug\link.680.write.1.tlog
D:\WorkSpace\Exercice 1\_minecraft\base\Debug\link.command.1.tlog
D:\WorkSpace\Exercice 1\_minecraft\base\Debug\link.read.1.tlog
D:\WorkSpace\Exercice 1\_minecraft\base\Debug\link.write.1.tlog
D:\WorkSpace\Exercice 1\_minecraft\base\Debug\vc110.idb
D:\WorkSpace\Exercice 1\_minecraft\base\Debug\vc110.pdb
D:\WorkSpace\Exercice 1\_minecraft\Debug\base.pdb
D:\WorkSpace\Exercice 1\_minecraft\Debug\base.exe
D:\WorkSpace\Exercice 1\_minecraft\Debug\base.ilk
