  main.cpp
e:\documents\github\tp_minecraft\_engine\src\engine\utils\ny_utils.h(25): warning C4005: 'NAN' : redéfinition de macro
          c:\program files (x86)\microsoft visual studio 12.0\vc\include\math.h(106) : voir la définition précédente de 'NAN'
e:\documents\github\tp_minecraft\_minecraft\src\cube.h(46): warning C4244: 'initialisation' : conversion de 'int' en 'float', perte possible de données
e:\documents\github\tp_minecraft\_minecraft\src\cube.h(51): warning C4244: '=' : conversion de 'int' en 'float', perte possible de données
e:\documents\github\tp_minecraft\_minecraft\src\cube.h(58): warning C4244: '=' : conversion de 'int' en 'float', perte possible de données
e:\documents\github\tp_minecraft\_minecraft\src\cube.h(63): warning C4244: '=' : conversion de 'int' en 'float', perte possible de données
e:\documents\github\tp_minecraft\_minecraft\src\cube.h(66): warning C4244: '=' : conversion de 'int' en 'float', perte possible de données
e:\documents\github\tp_minecraft\_minecraft\src\cube.h(70): warning C4244: '=' : conversion de 'int' en 'float', perte possible de données
e:\documents\github\tp_minecraft\_minecraft\src\cube.h(71): warning C4244: '=' : conversion de 'int' en 'float', perte possible de données
e:\documents\github\tp_minecraft\_minecraft\src\cube.h(78): warning C4244: '=' : conversion de 'int' en 'float', perte possible de données
e:\documents\github\tp_minecraft\_minecraft\src\cube.h(79): warning C4244: '=' : conversion de 'int' en 'float', perte possible de données
e:\documents\github\tp_minecraft\_minecraft\src\cube.h(83): warning C4244: '=' : conversion de 'int' en 'float', perte possible de données
e:\documents\github\tp_minecraft\_minecraft\src\cube.h(90): warning C4244: '=' : conversion de 'int' en 'float', perte possible de données
e:\documents\github\tp_minecraft\_minecraft\src\cube.h(91): warning C4244: '=' : conversion de 'int' en 'float', perte possible de données
e:\documents\github\tp_minecraft\_minecraft\src\cube.h(98): warning C4244: '=' : conversion de 'int' en 'float', perte possible de données
e:\documents\github\tp_minecraft\_minecraft\src\cube.h(107): warning C4244: '=' : conversion de 'int' en 'float', perte possible de données
e:\documents\github\tp_minecraft\_minecraft\src\cube.h(109): warning C4244: '=' : conversion de 'int' en 'float', perte possible de données
e:\documents\github\tp_minecraft\_minecraft\src\cube.h(111): warning C4244: '=' : conversion de 'int' en 'float', perte possible de données
e:\documents\github\tp_minecraft\_minecraft\src\cube.h(113): warning C4244: '=' : conversion de 'int' en 'float', perte possible de données
e:\documents\github\tp_minecraft\_minecraft\src\cube.h(120): warning C4244: '=' : conversion de 'int' en 'float', perte possible de données
e:\documents\github\tp_minecraft\_minecraft\src\cube.h(122): warning C4244: '=' : conversion de 'int' en 'float', perte possible de données
e:\documents\github\tp_minecraft\_minecraft\src\cube.h(136): warning C4244: '=' : conversion de 'int' en 'float', perte possible de données
e:\documents\github\tp_minecraft\_minecraft\src\cube.h(143): warning C4244: '=' : conversion de 'int' en 'float', perte possible de données
e:\documents\github\tp_minecraft\_minecraft\src\cube.h(148): warning C4244: '=' : conversion de 'int' en 'float', perte possible de données
e:\documents\github\tp_minecraft\_minecraft\src\cube.h(151): warning C4244: '=' : conversion de 'int' en 'float', perte possible de données
e:\documents\github\tp_minecraft\_minecraft\src\cube.h(155): warning C4244: '=' : conversion de 'int' en 'float', perte possible de données
e:\documents\github\tp_minecraft\_minecraft\src\cube.h(156): warning C4244: '=' : conversion de 'int' en 'float', perte possible de données
e:\documents\github\tp_minecraft\_minecraft\src\cube.h(160): warning C4244: '=' : conversion de 'int' en 'float', perte possible de données
e:\documents\github\tp_minecraft\_minecraft\src\cube.h(162): warning C4244: '=' : conversion de 'int' en 'float', perte possible de données
e:\documents\github\tp_minecraft\_minecraft\src\cube.h(164): warning C4244: '=' : conversion de 'int' en 'float', perte possible de données
e:\documents\github\tp_minecraft\_minecraft\src\cube.h(165): warning C4244: '=' : conversion de 'int' en 'float', perte possible de données
e:\documents\github\tp_minecraft\_minecraft\src\cube.h(166): warning C4244: '=' : conversion de 'int' en 'float', perte possible de données
e:\documents\github\tp_minecraft\_minecraft\src\cube.h(168): warning C4244: '=' : conversion de 'int' en 'float', perte possible de données
e:\documents\github\tp_minecraft\_minecraft\src\cube.h(169): warning C4244: '=' : conversion de 'int' en 'float', perte possible de données
e:\documents\github\tp_minecraft\_minecraft\src\cube.h(172): warning C4244: '=' : conversion de 'int' en 'float', perte possible de données
e:\documents\github\tp_minecraft\_minecraft\src\cube.h(174): warning C4244: '=' : conversion de 'int' en 'float', perte possible de données
e:\documents\github\tp_minecraft\_minecraft\src\cube.h(176): warning C4244: '=' : conversion de 'int' en 'float', perte possible de données
e:\documents\github\tp_minecraft\_minecraft\src\cube.h(177): warning C4244: '=' : conversion de 'int' en 'float', perte possible de données
e:\documents\github\tp_minecraft\_minecraft\src\cube.h(180): warning C4244: '=' : conversion de 'int' en 'float', perte possible de données
e:\documents\github\tp_minecraft\_minecraft\src\cube.h(185): warning C4244: '=' : conversion de 'int' en 'float', perte possible de données
e:\documents\github\tp_minecraft\_minecraft\src\cube.h(186): warning C4244: '=' : conversion de 'int' en 'float', perte possible de données
e:\documents\github\tp_minecraft\_minecraft\src\cube.h(187): warning C4244: '=' : conversion de 'int' en 'float', perte possible de données
e:\documents\github\tp_minecraft\_minecraft\src\cube.h(190): warning C4244: '=' : conversion de 'int' en 'float', perte possible de données
e:\documents\github\tp_minecraft\_minecraft\src\cube.h(191): warning C4244: '=' : conversion de 'int' en 'float', perte possible de données
e:\documents\github\tp_minecraft\_minecraft\src\cube.h(194): warning C4244: '=' : conversion de 'int' en 'float', perte possible de données
e:\documents\github\tp_minecraft\_minecraft\src\cube.h(197): warning C4244: '=' : conversion de 'int' en 'float', perte possible de données
e:\documents\github\tp_minecraft\_minecraft\src\cube.h(198): warning C4244: '=' : conversion de 'int' en 'float', perte possible de données
e:\documents\github\tp_minecraft\_minecraft\src\cube.h(199): warning C4244: '=' : conversion de 'int' en 'float', perte possible de données
e:\documents\github\tp_minecraft\_minecraft\src\cube.h(202): warning C4244: '=' : conversion de 'int' en 'float', perte possible de données
e:\documents\github\tp_minecraft\_minecraft\src\cube.h(205): warning C4244: '=' : conversion de 'int' en 'float', perte possible de données
e:\documents\github\tp_minecraft\_minecraft\src\cube.h(206): warning C4244: '=' : conversion de 'int' en 'float', perte possible de données
e:\documents\github\tp_minecraft\_minecraft\src\cube.h(215): warning C4244: '=' : conversion de 'int' en 'float', perte possible de données
e:\documents\github\tp_minecraft\_minecraft\src\cube.h(218): warning C4244: '=' : conversion de 'int' en 'float', perte possible de données
e:\documents\github\tp_minecraft\_minecraft\src\cube.h(219): warning C4244: '=' : conversion de 'int' en 'float', perte possible de données
e:\documents\github\tp_minecraft\_minecraft\src\cube.h(221): warning C4244: '=' : conversion de 'int' en 'float', perte possible de données
e:\documents\github\tp_minecraft\_minecraft\src\cube.h(222): warning C4244: '=' : conversion de 'int' en 'float', perte possible de données
e:\documents\github\tp_minecraft\_minecraft\src\cube.h(223): warning C4244: '=' : conversion de 'int' en 'float', perte possible de données
e:\documents\github\tp_minecraft\_minecraft\src\cube.h(227): warning C4244: '=' : conversion de 'int' en 'float', perte possible de données
e:\documents\github\tp_minecraft\_minecraft\src\cube.h(229): warning C4244: '=' : conversion de 'int' en 'float', perte possible de données
e:\documents\github\tp_minecraft\_minecraft\src\cube.h(230): warning C4244: '=' : conversion de 'int' en 'float', perte possible de données
e:\documents\github\tp_minecraft\_minecraft\src\cube.h(231): warning C4244: '=' : conversion de 'int' en 'float', perte possible de données
e:\documents\github\tp_minecraft\_minecraft\src\cube.h(233): warning C4244: '=' : conversion de 'int' en 'float', perte possible de données
e:\documents\github\tp_minecraft\_minecraft\src\cube.h(235): warning C4244: '=' : conversion de 'int' en 'float', perte possible de données
e:\documents\github\tp_minecraft\_minecraft\src\cube.h(436): warning C4244: 'initialisation' : conversion de 'double' en 'float', perte possible de données
e:\documents\github\tp_minecraft\_minecraft\src\cube.h(441): warning C4244: '=' : conversion de 'double' en 'float', perte possible de données
e:\documents\github\tp_minecraft\_minecraft\src\cube.h(443): warning C4244: '=' : conversion de 'double' en 'float', perte possible de données
e:\documents\github\tp_minecraft\_minecraft\src\cube.h(444): warning C4305: '=' : troncation de 'double' à 'float'
e:\documents\github\tp_minecraft\_minecraft\src\cube.h(448): warning C4244: '=' : conversion de 'double' en 'float', perte possible de données
e:\documents\github\tp_minecraft\_minecraft\src\cube.h(449): warning C4305: '=' : troncation de 'double' à 'float'
e:\documents\github\tp_minecraft\_minecraft\src\cube.h(451): warning C4305: '=' : troncation de 'double' à 'float'
e:\documents\github\tp_minecraft\_minecraft\src\cube.h(458): warning C4305: '=' : troncation de 'double' à 'float'
e:\documents\github\tp_minecraft\_minecraft\src\cube.h(459): warning C4244: '=' : conversion de 'double' en 'float', perte possible de données
e:\documents\github\tp_minecraft\_minecraft\src\cube.h(460): warning C4305: '=' : troncation de 'double' à 'float'
e:\documents\github\tp_minecraft\_minecraft\src\cube.h(461): warning C4244: '=' : conversion de 'double' en 'float', perte possible de données
e:\documents\github\tp_minecraft\_minecraft\src\cube.h(462): warning C4305: '=' : troncation de 'double' à 'float'
e:\documents\github\tp_minecraft\_minecraft\src\cube.h(465): warning C4305: '=' : troncation de 'double' à 'float'
e:\documents\github\tp_minecraft\_minecraft\src\cube.h(466): warning C4244: '=' : conversion de 'double' en 'float', perte possible de données
e:\documents\github\tp_minecraft\_minecraft\src\cube.h(467): warning C4305: '=' : troncation de 'double' à 'float'
e:\documents\github\tp_minecraft\_minecraft\src\cube.h(469): warning C4305: '=' : troncation de 'double' à 'float'
e:\documents\github\tp_minecraft\_minecraft\src\cube.h(473): warning C4305: '=' : troncation de 'double' à 'float'
e:\documents\github\tp_minecraft\_minecraft\src\cube.h(474): warning C4244: '=' : conversion de 'double' en 'float', perte possible de données
e:\documents\github\tp_minecraft\_minecraft\src\cube.h(475): warning C4305: '=' : troncation de 'double' à 'float'
e:\documents\github\tp_minecraft\_minecraft\src\cube.h(476): warning C4244: '=' : conversion de 'double' en 'float', perte possible de données
e:\documents\github\tp_minecraft\_minecraft\src\cube.h(477): warning C4305: '=' : troncation de 'double' à 'float'
e:\documents\github\tp_minecraft\_minecraft\src\cube.h(480): warning C4305: '=' : troncation de 'double' à 'float'
e:\documents\github\tp_minecraft\_minecraft\src\cube.h(481): warning C4244: '=' : conversion de 'double' en 'float', perte possible de données
e:\documents\github\tp_minecraft\_minecraft\src\cube.h(482): warning C4305: '=' : troncation de 'double' à 'float'
e:\documents\github\tp_minecraft\_minecraft\src\cube.h(484): warning C4305: '=' : troncation de 'double' à 'float'
e:\documents\github\tp_minecraft\_minecraft\src\cube.h(490): warning C4244: '=' : conversion de 'double' en 'float', perte possible de données
e:\documents\github\tp_minecraft\_minecraft\src\cube.h(492): warning C4244: '=' : conversion de 'double' en 'float', perte possible de données
e:\documents\github\tp_minecraft\_minecraft\src\cube.h(493): warning C4305: '=' : troncation de 'double' à 'float'
e:\documents\github\tp_minecraft\_minecraft\src\cube.h(497): warning C4244: '=' : conversion de 'double' en 'float', perte possible de données
e:\documents\github\tp_minecraft\_minecraft\src\cube.h(498): warning C4305: '=' : troncation de 'double' à 'float'
e:\documents\github\tp_minecraft\_minecraft\src\cube.h(500): warning C4305: '=' : troncation de 'double' à 'float'
e:\documents\github\tp_minecraft\_minecraft\src\cube.h(505): warning C4305: '=' : troncation de 'double' à 'float'
e:\documents\github\tp_minecraft\_minecraft\src\cube.h(506): warning C4244: '=' : conversion de 'double' en 'float', perte possible de données
e:\documents\github\tp_minecraft\_minecraft\src\cube.h(507): warning C4305: '=' : troncation de 'double' à 'float'
e:\documents\github\tp_minecraft\_minecraft\src\cube.h(508): warning C4244: '=' : conversion de 'double' en 'float', perte possible de données
e:\documents\github\tp_minecraft\_minecraft\src\cube.h(509): warning C4305: '=' : troncation de 'double' à 'float'
e:\documents\github\tp_minecraft\_minecraft\src\cube.h(512): warning C4305: '=' : troncation de 'double' à 'float'
e:\documents\github\tp_minecraft\_minecraft\src\cube.h(513): warning C4244: '=' : conversion de 'double' en 'float', perte possible de données
e:\documents\github\tp_minecraft\_minecraft\src\cube.h(514): warning C4305: '=' : troncation de 'double' à 'float'
e:\documents\github\tp_minecraft\_minecraft\src\cube.h(516): warning C4305: '=' : troncation de 'double' à 'float'
e:\documents\github\tp_minecraft\_minecraft\src\cube.h(521): warning C4305: '=' : troncation de 'double' à 'float'
e:\documents\github\tp_minecraft\_minecraft\src\cube.h(522): warning C4244: '=' : conversion de 'double' en 'float', perte possible de données
e:\documents\github\tp_minecraft\_minecraft\src\cube.h(523): warning C4305: '=' : troncation de 'double' à 'float'
e:\documents\github\tp_minecraft\_minecraft\src\cube.h(524): warning C4244: '=' : conversion de 'double' en 'float', perte possible de données
e:\documents\github\tp_minecraft\_minecraft\src\cube.h(525): warning C4305: '=' : troncation de 'double' à 'float'
e:\documents\github\tp_minecraft\_minecraft\src\cube.h(528): warning C4305: '=' : troncation de 'double' à 'float'
e:\documents\github\tp_minecraft\_minecraft\src\cube.h(529): warning C4244: '=' : conversion de 'double' en 'float', perte possible de données
e:\documents\github\tp_minecraft\_minecraft\src\cube.h(530): warning C4305: '=' : troncation de 'double' à 'float'
e:\documents\github\tp_minecraft\_minecraft\src\cube.h(532): warning C4305: '=' : troncation de 'double' à 'float'
e:\documents\github\tp_minecraft\_minecraft\src\cube.h(537): warning C4305: '=' : troncation de 'double' à 'float'
e:\documents\github\tp_minecraft\_minecraft\src\cube.h(538): warning C4244: '=' : conversion de 'double' en 'float', perte possible de données
e:\documents\github\tp_minecraft\_minecraft\src\cube.h(539): warning C4305: '=' : troncation de 'double' à 'float'
e:\documents\github\tp_minecraft\_minecraft\src\cube.h(540): warning C4244: '=' : conversion de 'double' en 'float', perte possible de données
e:\documents\github\tp_minecraft\_minecraft\src\cube.h(544): warning C4305: '=' : troncation de 'double' à 'float'
e:\documents\github\tp_minecraft\_minecraft\src\cube.h(545): warning C4244: '=' : conversion de 'double' en 'float', perte possible de données
e:\documents\github\tp_minecraft\_engine\src\engine\render\graph\tex_manager.h(233): warning C4244: '=' : conversion de 'float' en 'png_byte', perte possible de données
e:\documents\github\tp_minecraft\_engine\src\engine\render\graph\tex_manager.h(234): warning C4244: '=' : conversion de 'float' en 'png_byte', perte possible de données
e:\documents\github\tp_minecraft\_engine\src\engine\render\graph\tex_manager.h(235): warning C4244: '=' : conversion de 'float' en 'png_byte', perte possible de données
e:\documents\github\tp_minecraft\_minecraft\src\world.h(660): warning C4305: 'initialisation' : troncation de 'double' à 'GLfloat'
e:\documents\github\tp_minecraft\_minecraft\src\world.h(705): warning C4244: 'argument' : conversion de 'const int' en 'float', perte possible de données
e:\documents\github\tp_minecraft\_minecraft\src\world.h(706): warning C4244: 'argument' : conversion de 'const int' en 'float', perte possible de données
e:\documents\github\tp_minecraft\_minecraft\src\world.h(707): warning C4244: 'argument' : conversion de 'const int' en 'float', perte possible de données
e:\documents\github\tp_minecraft\_minecraft\src\world.h(708): warning C4244: 'argument' : conversion de 'const int' en 'float', perte possible de données
e:\documents\github\tp_minecraft\_minecraft\src\world.h(720): warning C4244: 'argument' : conversion de 'const int' en 'float', perte possible de données
e:\documents\github\tp_minecraft\_minecraft\src\world.h(721): warning C4244: 'argument' : conversion de 'const int' en 'float', perte possible de données
e:\documents\github\tp_minecraft\_minecraft\src\world.h(722): warning C4244: 'argument' : conversion de 'const int' en 'float', perte possible de données
e:\documents\github\tp_minecraft\_minecraft\src\world.h(723): warning C4244: 'argument' : conversion de 'const int' en 'float', perte possible de données
e:\documents\github\tp_minecraft\_minecraft\src\world.h(735): warning C4244: 'argument' : conversion de 'const int' en 'float', perte possible de données
e:\documents\github\tp_minecraft\_minecraft\src\world.h(736): warning C4244: 'argument' : conversion de 'const int' en 'float', perte possible de données
e:\documents\github\tp_minecraft\_minecraft\src\world.h(737): warning C4244: 'argument' : conversion de 'const int' en 'float', perte possible de données
e:\documents\github\tp_minecraft\_minecraft\src\world.h(738): warning C4244: 'argument' : conversion de 'const int' en 'float', perte possible de données
e:\documents\github\tp_minecraft\_minecraft\src\world.h(750): warning C4244: 'argument' : conversion de 'const int' en 'float', perte possible de données
e:\documents\github\tp_minecraft\_minecraft\src\world.h(751): warning C4244: 'argument' : conversion de 'const int' en 'float', perte possible de données
e:\documents\github\tp_minecraft\_minecraft\src\world.h(752): warning C4244: 'argument' : conversion de 'const int' en 'float', perte possible de données
e:\documents\github\tp_minecraft\_minecraft\src\world.h(753): warning C4244: 'argument' : conversion de 'const int' en 'float', perte possible de données
e:\documents\github\tp_minecraft\_minecraft\src\world.h(765): warning C4244: 'argument' : conversion de 'const int' en 'float', perte possible de données
e:\documents\github\tp_minecraft\_minecraft\src\world.h(766): warning C4244: 'argument' : conversion de 'const int' en 'float', perte possible de données
e:\documents\github\tp_minecraft\_minecraft\src\world.h(767): warning C4244: 'argument' : conversion de 'const int' en 'float', perte possible de données
e:\documents\github\tp_minecraft\_minecraft\src\world.h(768): warning C4244: 'argument' : conversion de 'const int' en 'float', perte possible de données
e:\documents\github\tp_minecraft\_minecraft\src\world.h(780): warning C4244: 'argument' : conversion de 'const int' en 'float', perte possible de données
e:\documents\github\tp_minecraft\_minecraft\src\world.h(781): warning C4244: 'argument' : conversion de 'const int' en 'float', perte possible de données
e:\documents\github\tp_minecraft\_minecraft\src\world.h(782): warning C4244: 'argument' : conversion de 'const int' en 'float', perte possible de données
e:\documents\github\tp_minecraft\_minecraft\src\world.h(783): warning C4244: 'argument' : conversion de 'const int' en 'float', perte possible de données
e:\documents\github\tp_minecraft\_minecraft\src\avatar.h(31): warning C4244: 'argument' : conversion de 'const int' en 'float', perte possible de données
e:\documents\github\tp_minecraft\_minecraft\src\path.h(43): warning C4018: '<' : incompatibilité signed/unsigned
e:\documents\github\tp_minecraft\_minecraft\src\main.cpp(98): warning C4244: 'argument' : conversion de 'double' en 'float', perte possible de données
e:\documents\github\tp_minecraft\_minecraft\src\main.cpp(99): warning C4244: '+=' : conversion de 'double' en 'float', perte possible de données
e:\documents\github\tp_minecraft\_minecraft\src\main.cpp(176): warning C4305: 'argument' : troncation de 'double' à 'GLfloat'
e:\documents\github\tp_minecraft\_minecraft\src\main.cpp(223): warning C4305: '*=' : troncation de 'double' à 'float'
e:\documents\github\tp_minecraft\_minecraft\src\main.cpp(231): warning C4305: '*=' : troncation de 'double' à 'float'
e:\documents\github\tp_minecraft\_minecraft\src\main.cpp(259): warning C4305: 'argument' : troncation de 'double' à 'float'
e:\documents\github\tp_minecraft\_minecraft\src\main.cpp(261): warning C4305: 'argument' : troncation de 'double' à 'float'
e:\documents\github\tp_minecraft\_minecraft\src\main.cpp(392): warning C4244: 'argument' : conversion de 'int' en 'float', perte possible de données
e:\documents\github\tp_minecraft\_minecraft\src\main.cpp(669): warning C4244: 'argument' : conversion de 'int' en 'float', perte possible de données
e:\documents\github\tp_minecraft\_minecraft\src\main.cpp(670): warning C4244: 'argument' : conversion de 'int' en 'float', perte possible de données
  base.vcxproj -> E:\Documents\GitHub\TP_Minecraft\_minecraft\Debug\base.exe
